<?xml version="1.0" encoding="UTF-8"?>
<testng-results ignored="0" total="1" passed="1" failed="0" skipped="0">
  <reporter-output>
  </reporter-output>
  <suite started-at="2025-08-25T16:47:48 IST" name="Default suite" finished-at="2025-08-25T16:47:55 IST" duration-ms="6916">
    <groups>
    </groups>
    <test started-at="2025-08-25T16:47:48 IST" name="Default test" finished-at="2025-08-25T16:47:55 IST" duration-ms="6916">
      <class name="Jenkins_package.NewTest">
        <test-method signature="f()[pri:0, instance:Jenkins_package.NewTest@dd05255]" started-at="2025-08-25T16:47:48 IST" name="f" finished-at="2025-08-25T16:47:55 IST" duration-ms="6863" status="PASS">
          <reporter-output>
          </reporter-output>
        </test-method> <!-- f -->
      </class> <!-- Jenkins_package.NewTest -->
    </test> <!-- Default test -->
  </suite> <!-- Default suite -->
</testng-results>
